[2024-05-20 00:01:07] INFO root fetch - main [MainThread]: Get Changelog since Serial: [23281475]
[2024-05-20 00:01:12] INFO root fetch - main [MainThread]: Found 5 changed packages
[2024-05-20 00:01:12] INFO root fetch - processPackages [ThreadPoolExecutor-0_0]: Start processing: langroid
[2024-05-20 00:01:12] INFO root fetch - processPackages [ThreadPoolExecutor-0_1]: Start processing: airbyte-source-iterable
[2024-05-20 00:01:12] INFO root fetch - processPackages [ThreadPoolExecutor-0_2]: Start processing: atmospy
[2024-05-20 00:01:12] INFO root fetch - processPackages [ThreadPoolExecutor-0_3]: Start processing: pbf
[2024-05-20 00:01:12] INFO root fetch - processPackages [ThreadPoolExecutor-0_4]: Start processing: Package-G2
[2024-05-20 00:01:12] INFO root fetch - processPackages [pbf]: New version: [0.0.1] Old Version: [0.0.0]
[2024-05-20 00:01:12] INFO root fetch - processPackages [airbyte-source-iterable]: New version: [0.5.1.dev202405190244] Old Version: [0.5.1.dev202405182050]
[2024-05-20 00:01:12] INFO root fetch - processPackages [airbyte-source-iterable]: Downloading https://files.pythonhosted.org/packages/d8/ea/472dfdfb8aab7078bccd63efcc655bf07d6d9dbd7ee6891f41a1514dcfaa/airbyte_source_iterable-0.5.1.dev202405182050.tar.gz
[2024-05-20 00:01:12] INFO root fetch - processPackages [Package-G2]: New version: [1.0.1] Old Version: [1.0.0]
[2024-05-20 00:01:12] INFO root fetch - processPackages [atmospy]: New version: [0.1.1] Old Version: [0.1.0a6]
[2024-05-20 00:01:12] INFO root fetch - processPackages [langroid]: New version: [0.1.99] Old Version: [0.1.98]
[2024-05-20 00:01:12] INFO root fetch - processPackages [pbf]: Downloading https://files.pythonhosted.org/packages/d5/7c/9f1a5e06efd263a563f01e1e092e8f15afa965c93697dba3b9264e44594b/pbf-0.0.0.tar.gz
[2024-05-20 00:01:13] INFO root fetch - processPackages [airbyte-source-iterable]: Downloading https://files.pythonhosted.org/packages/37/62/0a7644718b967e48f8c70a5babcaf152627a45499f60139cf8dbbf30dd46/airbyte_source_iterable-0.5.1.dev202405190244.tar.gz
[2024-05-20 00:01:13] INFO root fetch - processPackages [Package-G2]: Downloading https://files.pythonhosted.org/packages/13/f4/0d3cd6ecc04a37bc9ed8a47f2d99f5264619b823b53982f94f845fb78d81/Package_G2-1.0.0.tar.gz
[2024-05-20 00:01:13] INFO root fetch - processPackages [atmospy]: Downloading https://files.pythonhosted.org/packages/b3/74/1ead742b110206c7998ef9b728e766d34ba5e74a43ccf4332ec335ae2d9d/atmospy-0.1.0a6.tar.gz
[2024-05-20 00:01:13] INFO root fetch - processPackages [langroid]: Downloading https://files.pythonhosted.org/packages/ab/bb/220d2ce35d659c9c3f621a8e92246d4d25420d75def80d96d19a8abf2b62/langroid-0.1.98.tar.gz
[2024-05-20 00:01:13] INFO root fetch - processPackages [airbyte-source-iterable]: executing diffoscope
[2024-05-20 00:01:13] INFO root fetch - processPackages [airbyte-source-iterable]: podman run --user 0:0 --rm -w /home/abi/fetcher -v /home/abi/fetcher/tmp:/home/abi/fetcher/tmp:ro -v /home/abi/fetcher/20240520:/home/abi/fetcher/20240520:rw registry.salsa.debian.org/reproducible-builds/diffoscope --no-progress tmp/airbyte_source_iterable-0.5.1.dev202405182050.tar.gz tmp/airbyte_source_iterable-0.5.1.dev202405190244.tar.gz --markdown 20240520/a/airbyte-source-iterable/0.5.1.dev202405182050-0.5.1.dev202405190244/README.md --exclude *.pyd
[2024-05-20 00:01:13] INFO root fetch - processPackages [Package-G2]: Downloading https://files.pythonhosted.org/packages/1e/d3/67f7b793fb3458048dbe5a0ee6acb69bee46ee0358983b1cdb755b830234/Package_G2-1.0.1.tar.gz
[2024-05-20 00:01:13] INFO root fetch - processPackages [langroid]: Downloading https://files.pythonhosted.org/packages/e0/31/f66ec6ea338a8eb66884a575a589c46c9cda101c179d652dccf9a12f918f/langroid-0.1.99.tar.gz
[2024-05-20 00:01:13] INFO root fetch - processPackages [Package-G2]: executing diffoscope
[2024-05-20 00:01:13] INFO root fetch - processPackages [Package-G2]: podman run --user 0:0 --rm -w /home/abi/fetcher -v /home/abi/fetcher/tmp:/home/abi/fetcher/tmp:ro -v /home/abi/fetcher/20240520:/home/abi/fetcher/20240520:rw registry.salsa.debian.org/reproducible-builds/diffoscope --no-progress tmp/Package_G2-1.0.0.tar.gz tmp/Package_G2-1.0.1.tar.gz --markdown 20240520/P/Package-G2/1.0.0-1.0.1/README.md --exclude *.pyd
[2024-05-20 00:01:13] INFO root fetch - processPackages [atmospy]: Downloading https://files.pythonhosted.org/packages/67/cd/4cc47cb98e1b9188e4f6429048afe0e30e5d2400d7b3fc728775144013ac/atmospy-0.1.1.tar.gz
[2024-05-20 00:01:13] INFO root fetch - processPackages [pbf]: Downloading https://files.pythonhosted.org/packages/5b/ff/b603df439f670e712221d4082f920665fb2f37469d7ea1d19b2e7333ad03/pbf-0.0.1.tar.gz
[2024-05-20 00:01:13] INFO root fetch - processPackages [langroid]: executing diffoscope
[2024-05-20 00:01:13] INFO root fetch - processPackages [langroid]: podman run --user 0:0 --rm -w /home/abi/fetcher -v /home/abi/fetcher/tmp:/home/abi/fetcher/tmp:ro -v /home/abi/fetcher/20240520:/home/abi/fetcher/20240520:rw registry.salsa.debian.org/reproducible-builds/diffoscope --no-progress tmp/langroid-0.1.98.tar.gz tmp/langroid-0.1.99.tar.gz --markdown 20240520/l/langroid/0.1.98-0.1.99/README.md --exclude *.pyd
[2024-05-20 00:01:13] INFO root fetch - processPackages [airbyte-source-iterable]: Remove: archive file [/home/abi/fetcher/tmp/airbyte_source_iterable-0.5.1.dev202405182050.tar.gz]
[2024-05-20 00:01:13] INFO root fetch - processPackages [airbyte-source-iterable]: Remove: archive file [/home/abi/fetcher/tmp/airbyte_source_iterable-0.5.1.dev202405190244.tar.gz]
[2024-05-20 00:01:13] INFO root fetch - main [MainThread]: End processing [airbyte-source-iterable]: success
[2024-05-20 00:01:13] INFO root fetch - processPackages [atmospy]: executing diffoscope
[2024-05-20 00:01:13] INFO root fetch - processPackages [atmospy]: podman run --user 0:0 --rm -w /home/abi/fetcher -v /home/abi/fetcher/tmp:/home/abi/fetcher/tmp:ro -v /home/abi/fetcher/20240520:/home/abi/fetcher/20240520:rw registry.salsa.debian.org/reproducible-builds/diffoscope --no-progress tmp/atmospy-0.1.0a6.tar.gz tmp/atmospy-0.1.1.tar.gz --markdown 20240520/a/atmospy/0.1.0a6-0.1.1/README.md --exclude *.pyd
[2024-05-20 00:01:13] INFO root fetch - processPackages [pbf]: executing diffoscope
[2024-05-20 00:01:13] INFO root fetch - processPackages [pbf]: podman run --user 0:0 --rm -w /home/abi/fetcher -v /home/abi/fetcher/tmp:/home/abi/fetcher/tmp:ro -v /home/abi/fetcher/20240520:/home/abi/fetcher/20240520:rw registry.salsa.debian.org/reproducible-builds/diffoscope --no-progress tmp/pbf-0.0.0.tar.gz tmp/pbf-0.0.1.tar.gz --markdown 20240520/p/pbf/0.0.0-0.0.1/README.md --exclude *.pyd
[2024-05-20 00:01:14] INFO root fetch - processPackages [Package-G2]: Remove: archive file [/home/abi/fetcher/tmp/Package_G2-1.0.0.tar.gz]
[2024-05-20 00:01:14] INFO root fetch - processPackages [Package-G2]: Remove: archive file [/home/abi/fetcher/tmp/Package_G2-1.0.1.tar.gz]
[2024-05-20 00:01:14] INFO root fetch - main [MainThread]: End processing [Package-G2]: success
[2024-05-20 00:01:14] INFO root fetch - processPackages [atmospy]: Remove: archive file [/home/abi/fetcher/tmp/atmospy-0.1.0a6.tar.gz]
[2024-05-20 00:01:14] INFO root fetch - processPackages [atmospy]: Remove: archive file [/home/abi/fetcher/tmp/atmospy-0.1.1.tar.gz]
[2024-05-20 00:01:14] INFO root fetch - main [MainThread]: End processing [atmospy]: success
[2024-05-20 00:01:14] INFO root fetch - processPackages [langroid]: Remove: archive file [/home/abi/fetcher/tmp/langroid-0.1.98.tar.gz]
[2024-05-20 00:01:14] INFO root fetch - processPackages [langroid]: Remove: archive file [/home/abi/fetcher/tmp/langroid-0.1.99.tar.gz]
[2024-05-20 00:01:14] INFO root fetch - main [MainThread]: End processing [langroid]: success
[2024-05-20 00:01:16] INFO root fetch - processPackages [pbf]: Remove: archive file [/home/abi/fetcher/tmp/pbf-0.0.0.tar.gz]
[2024-05-20 00:01:16] INFO root fetch - processPackages [pbf]: Remove: archive file [/home/abi/fetcher/tmp/pbf-0.0.1.tar.gz]
[2024-05-20 00:01:16] INFO root fetch - main [MainThread]: End processing [pbf]: success
[2024-05-20 00:01:16] INFO root fetch - main [MainThread]: Store serial: [23281490]
[2024-05-20 00:03:20] INFO root fetch - main [MainThread]: Get Changelog since Serial: [23281490]
[2024-05-20 00:03:25] INFO root fetch - main [MainThread]: Found 2 changed packages
[2024-05-20 00:03:25] INFO root fetch - processPackages [ThreadPoolExecutor-0_0]: Start processing: needto
[2024-05-20 00:03:25] INFO root fetch - processPackages [ThreadPoolExecutor-0_1]: Start processing: overburdenz
[2024-05-20 00:03:25] INFO root fetch - processPackages [needto]: New version: [0.1.3] Old Version: [0.1.1]
[2024-05-20 00:03:25] INFO root fetch - processPackages [needto]: Downloading https://files.pythonhosted.org/packages/d8/c9/551655ae6a86dcc55c0e1d00726bae63f9a6812cfa2dab57004540a688b9/needto-0.1.1.tar.gz
[2024-05-20 00:03:25] WARNING root fetch - processPackages [overburdenz]: Skipping, unable to determine old version
[2024-05-20 00:03:25] INFO root fetch - main [MainThread]: End processing [overburdenz] error
[2024-05-20 00:03:25] INFO root fetch - processPackages [needto]: Downloading https://files.pythonhosted.org/packages/3b/bd/2d0bb778be6211fbad557b8007caed8370f2fcc889e5388e80b98057eb63/needto-0.1.3.tar.gz
[2024-05-20 00:03:25] INFO root fetch - processPackages [needto]: executing diffoscope
[2024-05-20 00:03:25] INFO root fetch - processPackages [needto]: podman run --user 0:0 --rm -w /home/abi/fetcher -v /home/abi/fetcher/tmp:/home/abi/fetcher/tmp:ro -v /home/abi/fetcher/20240520:/home/abi/fetcher/20240520:rw registry.salsa.debian.org/reproducible-builds/diffoscope --no-progress tmp/needto-0.1.1.tar.gz tmp/needto-0.1.3.tar.gz --markdown 20240520/n/needto/0.1.1-0.1.3/README.md --exclude *.pyd
[2024-05-20 00:03:26] INFO root fetch - processPackages [needto]: Remove: archive file [/home/abi/fetcher/tmp/needto-0.1.1.tar.gz]
[2024-05-20 00:03:26] INFO root fetch - processPackages [needto]: Remove: archive file [/home/abi/fetcher/tmp/needto-0.1.3.tar.gz]
[2024-05-20 00:03:26] INFO root fetch - main [MainThread]: End processing [needto]: success
[2024-05-20 00:03:26] INFO root fetch - main [MainThread]: Store serial: [23281497]
[2024-05-20 00:05:29] INFO root fetch - main [MainThread]: Get Changelog since Serial: [23281497]
[2024-05-20 00:05:34] INFO root fetch - main [MainThread]: Found 3 changed packages
[2024-05-20 00:05:34] INFO root fetch - processPackages [ThreadPoolExecutor-0_0]: Start processing: payroll-arg-reportes
[2024-05-20 00:05:34] INFO root fetch - processPackages [ThreadPoolExecutor-0_1]: Start processing: zensols.edusenti
[2024-05-20 00:05:34] INFO root fetch - processPackages [ThreadPoolExecutor-0_2]: Start processing: grep-ast
[2024-05-20 00:05:34] INFO root fetch - processPackages [payroll-arg-reportes]: New version: [0.0.20] Old Version: [0.0.19]
[2024-05-20 00:05:34] WARNING root fetch - processPackages [zensols.edusenti]: Skipping, unable to determine old version
[2024-05-20 00:05:34] INFO root fetch - main [MainThread]: End processing [zensols.edusenti] error
[2024-05-20 00:05:34] INFO root fetch - processPackages [grep-ast]: New version: [0.3.1] Old Version: [0.3.0]
[2024-05-20 00:05:34] INFO root fetch - processPackages [payroll-arg-reportes]: Downloading https://files.pythonhosted.org/packages/f0/d8/58d6e16539a264ed15f64ea317f2b50938141d80a955e696ac6ffce5e9d9/payroll_arg_reportes-0.0.19.tar.gz
[2024-05-20 00:05:35] INFO root fetch - processPackages [grep-ast]: Downloading https://files.pythonhosted.org/packages/5f/f9/8d75567c1394b5387a92a9d2ec3e943bf77686203489177f4f5668ce60a1/grep_ast-0.3.0.tar.gz
[2024-05-20 00:05:35] INFO root fetch - processPackages [payroll-arg-reportes]: Downloading https://files.pythonhosted.org/packages/94/cf/49d51818285b103bd8ec531ad6ad04e25ee547e20590503581e1920af0e4/payroll_arg_reportes-0.0.20.tar.gz
[2024-05-20 00:05:35] INFO root fetch - processPackages [grep-ast]: Downloading https://files.pythonhosted.org/packages/49/e7/8cf1a9b20c48af8c919375717825957664b8ba37af7ba322ee7a90784b81/grep_ast-0.3.1-py3-none-any.whl
[2024-05-20 00:05:35] INFO root fetch - processPackages [payroll-arg-reportes]: executing diffoscope
[2024-05-20 00:05:35] INFO root fetch - processPackages [payroll-arg-reportes]: podman run --user 0:0 --rm -w /home/abi/fetcher -v /home/abi/fetcher/tmp:/home/abi/fetcher/tmp:ro -v /home/abi/fetcher/20240520:/home/abi/fetcher/20240520:rw registry.salsa.debian.org/reproducible-builds/diffoscope --no-progress tmp/payroll_arg_reportes-0.0.19.tar.gz tmp/payroll_arg_reportes-0.0.20.tar.gz --markdown 20240520/p/payroll-arg-reportes/0.0.19-0.0.20/README.md --exclude *.pyd
[2024-05-20 00:05:35] INFO root fetch - processPackages [grep-ast]: executing diffoscope
[2024-05-20 00:05:35] INFO root fetch - processPackages [grep-ast]: podman run --user 0:0 --rm -w /home/abi/fetcher -v /home/abi/fetcher/tmp:/home/abi/fetcher/tmp:ro -v /home/abi/fetcher/20240520:/home/abi/fetcher/20240520:rw registry.salsa.debian.org/reproducible-builds/diffoscope --no-progress tmp/grep_ast-0.3.0.tar.gz tmp/grep_ast-0.3.1-py3-none-any.whl.zip --markdown 20240520/g/grep-ast/0.3.0-0.3.1/README.md --exclude *.pyd
[2024-05-20 00:05:36] INFO root fetch - processPackages [payroll-arg-reportes]: Remove: archive file [/home/abi/fetcher/tmp/payroll_arg_reportes-0.0.19.tar.gz]
[2024-05-20 00:05:36] INFO root fetch - processPackages [payroll-arg-reportes]: Remove: archive file [/home/abi/fetcher/tmp/payroll_arg_reportes-0.0.20.tar.gz]
[2024-05-20 00:05:36] INFO root fetch - main [MainThread]: End processing [payroll-arg-reportes]: success
[2024-05-20 00:05:36] INFO root fetch - processPackages [grep-ast]: Remove: archive file [/home/abi/fetcher/tmp/grep_ast-0.3.0.tar.gz]
[2024-05-20 00:05:36] INFO root fetch - processPackages [grep-ast]: Remove: archive file [/home/abi/fetcher/tmp/grep_ast-0.3.1-py3-none-any.whl.zip]
[2024-05-20 00:05:36] INFO root fetch - main [MainThread]: End processing [grep-ast]: success
[2024-05-20 00:05:36] INFO root fetch - main [MainThread]: Store serial: [23281504]
[2024-05-20 00:07:39] INFO root fetch - main [MainThread]: Get Changelog since Serial: [23281504]
[2024-05-20 00:07:44] INFO root fetch - main [MainThread]: Found 2 changed packages
[2024-05-20 00:07:44] INFO root fetch - processPackages [ThreadPoolExecutor-0_0]: Start processing: grep-ast
[2024-05-20 00:07:44] INFO root fetch - processPackages [ThreadPoolExecutor-0_1]: Start processing: pytubefix
[2024-05-20 00:07:44] INFO root fetch - processPackages [grep-ast]: New version: [0.3.1] Old Version: [0.3.0]
[2024-05-20 00:07:44] INFO root fetch - processPackages [pytubefix]: New version: [5.6rc2] Old Version: [5.6rc1]
[2024-05-20 00:07:45] INFO root fetch - processPackages [grep-ast]: Downloading https://files.pythonhosted.org/packages/5f/f9/8d75567c1394b5387a92a9d2ec3e943bf77686203489177f4f5668ce60a1/grep_ast-0.3.0.tar.gz
[2024-05-20 00:07:45] INFO root fetch - processPackages [pytubefix]: Downloading https://files.pythonhosted.org/packages/1d/05/789364caffed63dc8b1439bb814b5d02b2d884992c492e621502e604a9be/pytubefix-5.6rc1.tar.gz
[2024-05-20 00:07:45] INFO root fetch - processPackages [grep-ast]: Downloading https://files.pythonhosted.org/packages/49/e7/8cf1a9b20c48af8c919375717825957664b8ba37af7ba322ee7a90784b81/grep_ast-0.3.1-py3-none-any.whl
[2024-05-20 00:07:45] INFO root fetch - processPackages [grep-ast]: executing diffoscope
[2024-05-20 00:07:45] INFO root fetch - processPackages [grep-ast]: podman run --user 0:0 --rm -w /home/abi/fetcher -v /home/abi/fetcher/tmp:/home/abi/fetcher/tmp:ro -v /home/abi/fetcher/20240520:/home/abi/fetcher/20240520:rw registry.salsa.debian.org/reproducible-builds/diffoscope --no-progress tmp/grep_ast-0.3.0.tar.gz tmp/grep_ast-0.3.1-py3-none-any.whl.zip --markdown 20240520/g/grep-ast/0.3.0-0.3.1/README.md --exclude *.pyd
[2024-05-20 00:07:45] INFO root fetch - processPackages [pytubefix]: Downloading https://files.pythonhosted.org/packages/20/56/33cd1e75cd2aa51e4f07fbaf746080834469f3f67fb1e22e60ff80dba5b2/pytubefix-5.6rc2.tar.gz
[2024-05-20 00:07:45] INFO root fetch - processPackages [pytubefix]: executing diffoscope
[2024-05-20 00:07:45] INFO root fetch - processPackages [pytubefix]: podman run --user 0:0 --rm -w /home/abi/fetcher -v /home/abi/fetcher/tmp:/home/abi/fetcher/tmp:ro -v /home/abi/fetcher/20240520:/home/abi/fetcher/20240520:rw registry.salsa.debian.org/reproducible-builds/diffoscope --no-progress tmp/pytubefix-5.6rc1.tar.gz tmp/pytubefix-5.6rc2.tar.gz --markdown 20240520/p/pytubefix/5.6rc1-5.6rc2/README.md --exclude *.pyd
[2024-05-20 00:07:45] INFO root fetch - processPackages [grep-ast]: Remove: archive file [/home/abi/fetcher/tmp/grep_ast-0.3.0.tar.gz]
[2024-05-20 00:07:45] INFO root fetch - processPackages [grep-ast]: Remove: archive file [/home/abi/fetcher/tmp/grep_ast-0.3.1-py3-none-any.whl.zip]
[2024-05-20 00:07:45] INFO root fetch - main [MainThread]: End processing [grep-ast]: success
[2024-05-20 00:07:46] INFO root fetch - processPackages [pytubefix]: Remove: archive file [/home/abi/fetcher/tmp/pytubefix-5.6rc1.tar.gz]
[2024-05-20 00:07:46] INFO root fetch - processPackages [pytubefix]: Remove: archive file [/home/abi/fetcher/tmp/pytubefix-5.6rc2.tar.gz]
[2024-05-20 00:07:46] INFO root fetch - main [MainThread]: End processing [pytubefix]: success
[2024-05-20 00:07:46] INFO root fetch - main [MainThread]: Store serial: [23281514]
[2024-05-20 00:09:49] INFO root fetch - main [MainThread]: Get Changelog since Serial: [23281514]
[2024-05-20 00:09:54] INFO root fetch - main [MainThread]: Found 4 changed packages
[2024-05-20 00:09:54] INFO root fetch - processPackages [ThreadPoolExecutor-0_0]: Start processing: betterschema
[2024-05-20 00:09:54] INFO root fetch - processPackages [ThreadPoolExecutor-0_1]: Start processing: hpp2plantuml
[2024-05-20 00:09:54] INFO root fetch - processPackages [ThreadPoolExecutor-0_2]: Start processing: superannuatez
[2024-05-20 00:09:54] INFO root fetch - processPackages [ThreadPoolExecutor-0_3]: Start processing: jupyterlab-amphi
[2024-05-20 00:09:54] INFO root fetch - processPackages [betterschema]: New version: [0.1.9] Old Version: [0.1.8]
[2024-05-20 00:09:54] INFO root fetch - processPackages [betterschema]: Downloading https://files.pythonhosted.org/packages/1e/38/c4454b42d2fdf99df61a25551a6a06ccb4ca66e340946fe223ee1ab9c001/betterschema-0.1.8.tar.gz
[2024-05-20 00:09:54] INFO root fetch - processPackages [hpp2plantuml]: New version: [0.8.4] Old Version: [0.8.3]
[2024-05-20 00:09:54] INFO root fetch - processPackages [jupyterlab-amphi]: New version: [0.3.3] Old Version: [0.3.2]
[2024-05-20 00:09:54] WARNING root fetch - processPackages [superannuatez]: Skipping, unable to determine old version
[2024-05-20 00:09:54] INFO root fetch - main [MainThread]: End processing [superannuatez] error
[2024-05-20 00:09:54] INFO root fetch - processPackages [betterschema]: Downloading https://files.pythonhosted.org/packages/9f/0d/826ff1e3b4772c505194babfcc2ab7784bd5f7f13f65bfb0aa861b1c63c0/betterschema-0.1.9.tar.gz
[2024-05-20 00:09:54] INFO root fetch - processPackages [hpp2plantuml]: Downloading https://files.pythonhosted.org/packages/11/9e/215737dc411a9339ed4105e82b92461661774f324049398a190710c8ca2b/hpp2plantuml-0.8.3-py2.py3-none-any.whl
[2024-05-20 00:09:54] INFO root fetch - processPackages [jupyterlab-amphi]: Downloading https://files.pythonhosted.org/packages/9d/6c/ee3ef6eed2c806d58f8ef6f1b13935ab37b91ee242953b194dcccd70f800/jupyterlab_amphi-0.3.2.tar.gz
[2024-05-20 00:09:54] INFO root fetch - processPackages [betterschema]: executing diffoscope
[2024-05-20 00:09:54] INFO root fetch - processPackages [betterschema]: podman run --user 0:0 --rm -w /home/abi/fetcher -v /home/abi/fetcher/tmp:/home/abi/fetcher/tmp:ro -v /home/abi/fetcher/20240520:/home/abi/fetcher/20240520:rw registry.salsa.debian.org/reproducible-builds/diffoscope --no-progress tmp/betterschema-0.1.8.tar.gz tmp/betterschema-0.1.9.tar.gz --markdown 20240520/b/betterschema/0.1.8-0.1.9/README.md --exclude *.pyd
[2024-05-20 00:09:54] INFO root fetch - processPackages [hpp2plantuml]: Downloading https://files.pythonhosted.org/packages/1e/a1/40ec006cd49ab0ba6772af29bbafbb807f278cac5328bb9d68dc4352f002/hpp2plantuml-0.8.4-py2.py3-none-any.whl
[2024-05-20 00:09:55] INFO root fetch - processPackages [hpp2plantuml]: executing diffoscope
[2024-05-20 00:09:55] INFO root fetch - processPackages [hpp2plantuml]: podman run --user 0:0 --rm -w /home/abi/fetcher -v /home/abi/fetcher/tmp:/home/abi/fetcher/tmp:ro -v /home/abi/fetcher/20240520:/home/abi/fetcher/20240520:rw registry.salsa.debian.org/reproducible-builds/diffoscope --no-progress tmp/hpp2plantuml-0.8.3-py2.py3-none-any.whl.zip tmp/hpp2plantuml-0.8.4-py2.py3-none-any.whl.zip --markdown 20240520/h/hpp2plantuml/0.8.3-0.8.4/README.md --exclude *.pyd
[2024-05-20 00:09:55] INFO root fetch - processPackages [jupyterlab-amphi]: Downloading https://files.pythonhosted.org/packages/f3/29/8c11168848afca7c56ca66e0821f5eb2cfdc2602fb36d3e4b740d3a61741/jupyterlab_amphi-0.3.3.tar.gz
[2024-05-20 00:09:55] INFO root fetch - processPackages [betterschema]: Remove: archive file [/home/abi/fetcher/tmp/betterschema-0.1.8.tar.gz]
[2024-05-20 00:09:55] INFO root fetch - processPackages [betterschema]: Remove: archive file [/home/abi/fetcher/tmp/betterschema-0.1.9.tar.gz]
[2024-05-20 00:09:55] INFO root fetch - main [MainThread]: End processing [betterschema]: success
[2024-05-20 00:09:55] INFO root fetch - processPackages [jupyterlab-amphi]: executing diffoscope
[2024-05-20 00:09:55] INFO root fetch - processPackages [jupyterlab-amphi]: podman run --user 0:0 --rm -w /home/abi/fetcher -v /home/abi/fetcher/tmp:/home/abi/fetcher/tmp:ro -v /home/abi/fetcher/20240520:/home/abi/fetcher/20240520:rw registry.salsa.debian.org/reproducible-builds/diffoscope --no-progress tmp/jupyterlab_amphi-0.3.2.tar.gz tmp/jupyterlab_amphi-0.3.3.tar.gz --markdown 20240520/j/jupyterlab-amphi/0.3.2-0.3.3/README.md --exclude *.pyd
[2024-05-20 00:09:55] INFO root fetch - processPackages [hpp2plantuml]: Remove: archive file [/home/abi/fetcher/tmp/hpp2plantuml-0.8.3-py2.py3-none-any.whl.zip]
[2024-05-20 00:09:55] INFO root fetch - processPackages [hpp2plantuml]: Remove: archive file [/home/abi/fetcher/tmp/hpp2plantuml-0.8.4-py2.py3-none-any.whl.zip]
[2024-05-20 00:09:55] INFO root fetch - main [MainThread]: End processing [hpp2plantuml]: success
[2024-05-20 00:09:57] INFO root fetch - processPackages [jupyterlab-amphi]: Remove: archive file [/home/abi/fetcher/tmp/jupyterlab_amphi-0.3.2.tar.gz]
[2024-05-20 00:09:57] INFO root fetch - processPackages [jupyterlab-amphi]: Remove: archive file [/home/abi/fetcher/tmp/jupyterlab_amphi-0.3.3.tar.gz]
[2024-05-20 00:09:57] INFO root fetch - main [MainThread]: End processing [jupyterlab-amphi]: success
[2024-05-20 00:09:57] INFO root fetch - main [MainThread]: Store serial: [23281525]
[2024-05-20 00:12:01] INFO root fetch - main [MainThread]: Get Changelog since Serial: [23281525]
[2024-05-20 00:12:06] INFO root fetch - main [MainThread]: Found 2 changed packages
[2024-05-20 00:12:06] INFO root fetch - processPackages [ThreadPoolExecutor-0_0]: Start processing: dcicutils
[2024-05-20 00:12:06] INFO root fetch - processPackages [ThreadPoolExecutor-0_1]: Start processing: mimllearning
[2024-05-20 00:12:06] INFO root fetch - processPackages [mimllearning]: New version: [0.5.0] Old Version: [0.4.9]
[2024-05-20 00:12:06] INFO root fetch - processPackages [mimllearning]: Downloading https://files.pythonhosted.org/packages/84/bd/958d70b5217227bc933005c3bb746e70ea6d2a534843b2e0f6a0e93e2c98/mimllearning-0.4.9.tar.gz
[2024-05-20 00:12:06] INFO root fetch - processPackages [dcicutils]: New version: [8.9.0.0b0] Old Version: [8.8.4.1b9]
[2024-05-20 00:12:06] INFO root fetch - processPackages [dcicutils]: Downloading https://files.pythonhosted.org/packages/ab/80/64152621f2e387ed0dff6f4fbf31f5b2e11f4dfe300d598bbfb27dfd25b5/dcicutils-8.8.4.1b9.tar.gz
[2024-05-20 00:12:06] INFO root fetch - processPackages [mimllearning]: Downloading https://files.pythonhosted.org/packages/66/ea/d789263cd559dda77cf4ff6d31e163d98fa57b9d81d50e0ff647d44bef82/mimllearning-0.5.0.tar.gz
[2024-05-20 00:12:07] INFO root fetch - processPackages [mimllearning]: executing diffoscope
[2024-05-20 00:12:07] INFO root fetch - processPackages [mimllearning]: podman run --user 0:0 --rm -w /home/abi/fetcher -v /home/abi/fetcher/tmp:/home/abi/fetcher/tmp:ro -v /home/abi/fetcher/20240520:/home/abi/fetcher/20240520:rw registry.salsa.debian.org/reproducible-builds/diffoscope --no-progress tmp/mimllearning-0.4.9.tar.gz tmp/mimllearning-0.5.0.tar.gz --markdown 20240520/m/mimllearning/0.4.9-0.5.0/README.md --exclude *.pyd
[2024-05-20 00:12:07] INFO root fetch - processPackages [dcicutils]: Downloading https://files.pythonhosted.org/packages/5b/de/ac87d1c9583f507046be7724343035a3e363814633eea93612ca13f3adba/dcicutils-8.9.0.0b0.tar.gz
[2024-05-20 00:12:07] INFO root fetch - processPackages [dcicutils]: executing diffoscope
[2024-05-20 00:12:07] INFO root fetch - processPackages [dcicutils]: podman run --user 0:0 --rm -w /home/abi/fetcher -v /home/abi/fetcher/tmp:/home/abi/fetcher/tmp:ro -v /home/abi/fetcher/20240520:/home/abi/fetcher/20240520:rw registry.salsa.debian.org/reproducible-builds/diffoscope --no-progress tmp/dcicutils-8.8.4.1b9.tar.gz tmp/dcicutils-8.9.0.0b0.tar.gz --markdown 20240520/d/dcicutils/8.8.4.1b9-8.9.0.0b0/README.md --exclude *.pyd
[2024-05-20 00:12:07] INFO root fetch - processPackages [mimllearning]: Remove: archive file [/home/abi/fetcher/tmp/mimllearning-0.4.9.tar.gz]
[2024-05-20 00:12:07] INFO root fetch - processPackages [mimllearning]: Remove: archive file [/home/abi/fetcher/tmp/mimllearning-0.5.0.tar.gz]
[2024-05-20 00:12:07] INFO root fetch - main [MainThread]: End processing [mimllearning]: success
[2024-05-20 00:12:08] INFO root fetch - processPackages [dcicutils]: Remove: archive file [/home/abi/fetcher/tmp/dcicutils-8.8.4.1b9.tar.gz]
[2024-05-20 00:12:08] INFO root fetch - processPackages [dcicutils]: Remove: archive file [/home/abi/fetcher/tmp/dcicutils-8.9.0.0b0.tar.gz]
[2024-05-20 00:12:08] INFO root fetch - main [MainThread]: End processing [dcicutils]: success
[2024-05-20 00:12:08] INFO root fetch - main [MainThread]: Store serial: [23281531]
[2024-05-20 00:14:11] INFO root fetch - main [MainThread]: Get Changelog since Serial: [23281531]
[2024-05-20 00:14:16] INFO root fetch - main [MainThread]: Found 4 changed packages
[2024-05-20 00:14:16] INFO root fetch - processPackages [ThreadPoolExecutor-0_0]: Start processing: zensols.calamr
[2024-05-20 00:14:16] INFO root fetch - processPackages [ThreadPoolExecutor-0_1]: Start processing: linkedit
[2024-05-20 00:14:16] INFO root fetch - processPackages [ThreadPoolExecutor-0_2]: Start processing: file-renamer
[2024-05-20 00:14:16] INFO root fetch - processPackages [ThreadPoolExecutor-0_3]: Start processing: lipidicz
[2024-05-20 00:14:16] WARNING root fetch - processPackages [zensols.calamr]: Skipping, unable to determine old version
[2024-05-20 00:14:16] INFO root fetch - main [MainThread]: End processing [zensols.calamr] error
[2024-05-20 00:14:16] INFO root fetch - processPackages [file-renamer]: New version: [1.0.5.1] Old Version: [1.0.4]
[2024-05-20 00:14:16] WARNING root fetch - processPackages [lipidicz]: Skipping, unable to determine old version
[2024-05-20 00:14:16] INFO root fetch - main [MainThread]: End processing [lipidicz] error
[2024-05-20 00:14:16] INFO root fetch - processPackages [linkedit]: New version: [1.0.2] Old Version: [1.0.1]
[2024-05-20 00:14:17] INFO root fetch - processPackages [file-renamer]: Downloading https://files.pythonhosted.org/packages/6a/06/65fe1021c69a2fedcb5ae777311abe95366c2d4caf318c9f75c559d3a0eb/file_renamer-1.0.4.tar.gz
[2024-05-20 00:14:17] INFO root fetch - processPackages [linkedit]: Downloading https://files.pythonhosted.org/packages/d7/7c/cb12daa11d39fe7553181b9b7425fbf4a208b5519e4cd03434a2c95a25e9/linkedit-1.0.1.tar.gz
[2024-05-20 00:14:17] INFO root fetch - processPackages [linkedit]: Downloading https://files.pythonhosted.org/packages/62/af/10e0af643380f3880d1349b3a792aa62ed3d3a248ea664a40da06e610756/linkedit-1.0.2.tar.gz
[2024-05-20 00:14:17] INFO root fetch - processPackages [file-renamer]: Downloading https://files.pythonhosted.org/packages/c2/af/60ab6da90cb3d081b37bcd8ccfbcd89554fe799e12b510f70d7d52e95052/file_renamer-1.0.5.1.tar.gz
[2024-05-20 00:14:17] INFO root fetch - processPackages [linkedit]: executing diffoscope
[2024-05-20 00:14:17] INFO root fetch - processPackages [linkedit]: podman run --user 0:0 --rm -w /home/abi/fetcher -v /home/abi/fetcher/tmp:/home/abi/fetcher/tmp:ro -v /home/abi/fetcher/20240520:/home/abi/fetcher/20240520:rw registry.salsa.debian.org/reproducible-builds/diffoscope --no-progress tmp/linkedit-1.0.1.tar.gz tmp/linkedit-1.0.2.tar.gz --markdown 20240520/l/linkedit/1.0.1-1.0.2/README.md --exclude *.pyd
[2024-05-20 00:14:17] INFO root fetch - processPackages [file-renamer]: executing diffoscope
[2024-05-20 00:14:17] INFO root fetch - processPackages [file-renamer]: podman run --user 0:0 --rm -w /home/abi/fetcher -v /home/abi/fetcher/tmp:/home/abi/fetcher/tmp:ro -v /home/abi/fetcher/20240520:/home/abi/fetcher/20240520:rw registry.salsa.debian.org/reproducible-builds/diffoscope --no-progress tmp/file_renamer-1.0.4.tar.gz tmp/file_renamer-1.0.5.1.tar.gz --markdown 20240520/f/file-renamer/1.0.4-1.0.5.1/README.md --exclude *.pyd
[2024-05-20 00:14:18] INFO root fetch - processPackages [linkedit]: Remove: archive file [/home/abi/fetcher/tmp/linkedit-1.0.1.tar.gz]
[2024-05-20 00:14:18] INFO root fetch - processPackages [linkedit]: Remove: archive file [/home/abi/fetcher/tmp/linkedit-1.0.2.tar.gz]
[2024-05-20 00:14:18] INFO root fetch - main [MainThread]: End processing [linkedit]: success
[2024-05-20 00:14:18] INFO root fetch - processPackages [file-renamer]: Remove: archive file [/home/abi/fetcher/tmp/file_renamer-1.0.4.tar.gz]
[2024-05-20 00:14:18] INFO root fetch - processPackages [file-renamer]: Remove: archive file [/home/abi/fetcher/tmp/file_renamer-1.0.5.1.tar.gz]
[2024-05-20 00:14:18] INFO root fetch - main [MainThread]: End processing [file-renamer]: success
[2024-05-20 00:14:18] INFO root fetch - main [MainThread]: Store serial: [23281545]
[2024-05-20 00:16:21] INFO root fetch - main [MainThread]: Get Changelog since Serial: [23281545]
[2024-05-20 00:16:26] INFO root fetch - main [MainThread]: Found 2 changed packages
[2024-05-20 00:16:26] INFO root fetch - processPackages [ThreadPoolExecutor-0_0]: Start processing: kbitools
[2024-05-20 00:16:26] INFO root fetch - processPackages [ThreadPoolExecutor-0_1]: Start processing: colalamo
[2024-05-20 00:16:26] INFO root fetch - processPackages [kbitools]: New version: [0.1.1] Old Version: [0.1.0]
[2024-05-20 00:16:27] INFO root fetch - processPackages [colalamo]: New version: [0.1.2101] Old Version: [0.1.21]
[2024-05-20 00:16:27] INFO root fetch - processPackages [kbitools]: Downloading https://files.pythonhosted.org/packages/56/17/b2a72afdf3b03a14e5aea72bdb7f615da9faad2f0c453dafa0895cc2f185/kbitools-0.1.0.tar.gz
[2024-05-20 00:16:27] INFO root fetch - processPackages [colalamo]: Downloading https://files.pythonhosted.org/packages/c3/2d/8d340506bf8aca38388c2aaf2e2451954605370192a12a225476125075bb/colalamo-0.1.21.tar.gz
[2024-05-20 00:16:27] INFO root fetch - processPackages [kbitools]: Downloading https://files.pythonhosted.org/packages/b8/64/f09295850e41f147b5badfa255d91c8044d4069193eb32a4f970a84749b8/kbitools-0.1.1.tar.gz
[2024-05-20 00:16:27] INFO root fetch - processPackages [colalamo]: Downloading https://files.pythonhosted.org/packages/34/1a/dc806cf5866be47db577dc91a945592c6af2d3147b4ba3c91cdcb8eee90a/colalamo-0.1.2101.tar.gz
[2024-05-20 00:16:27] INFO root fetch - processPackages [kbitools]: executing diffoscope
[2024-05-20 00:16:27] INFO root fetch - processPackages [kbitools]: podman run --user 0:0 --rm -w /home/abi/fetcher -v /home/abi/fetcher/tmp:/home/abi/fetcher/tmp:ro -v /home/abi/fetcher/20240520:/home/abi/fetcher/20240520:rw registry.salsa.debian.org/reproducible-builds/diffoscope --no-progress tmp/kbitools-0.1.0.tar.gz tmp/kbitools-0.1.1.tar.gz --markdown 20240520/k/kbitools/0.1.0-0.1.1/README.md --exclude *.pyd
[2024-05-20 00:16:28] INFO root fetch - processPackages [colalamo]: executing diffoscope
[2024-05-20 00:16:28] INFO root fetch - processPackages [colalamo]: podman run --user 0:0 --rm -w /home/abi/fetcher -v /home/abi/fetcher/tmp:/home/abi/fetcher/tmp:ro -v /home/abi/fetcher/20240520:/home/abi/fetcher/20240520:rw registry.salsa.debian.org/reproducible-builds/diffoscope --no-progress tmp/colalamo-0.1.21.tar.gz tmp/colalamo-0.1.2101.tar.gz --markdown 20240520/c/colalamo/0.1.21-0.1.2101/README.md --exclude *.pyd
[2024-05-20 00:16:28] INFO root fetch - processPackages [kbitools]: Remove: archive file [/home/abi/fetcher/tmp/kbitools-0.1.0.tar.gz]
[2024-05-20 00:16:28] INFO root fetch - processPackages [kbitools]: Remove: archive file [/home/abi/fetcher/tmp/kbitools-0.1.1.tar.gz]
[2024-05-20 00:16:28] INFO root fetch - main [MainThread]: End processing [kbitools]: success
[2024-05-20 00:16:28] INFO root fetch - processPackages [colalamo]: Remove: archive file [/home/abi/fetcher/tmp/colalamo-0.1.21.tar.gz]
[2024-05-20 00:16:28] INFO root fetch - processPackages [colalamo]: Remove: archive file [/home/abi/fetcher/tmp/colalamo-0.1.2101.tar.gz]
[2024-05-20 00:16:28] INFO root fetch - main [MainThread]: End processing [colalamo]: success
[2024-05-20 00:16:28] INFO root fetch - main [MainThread]: Store serial: [23281548]
[2024-05-20 00:18:32] INFO root fetch - main [MainThread]: Get Changelog since Serial: [23281548]
[2024-05-20 00:18:37] INFO root fetch - main [MainThread]: Found 2 changed packages
[2024-05-20 00:18:37] INFO root fetch - processPackages [ThreadPoolExecutor-0_0]: Start processing: colalamo
[2024-05-20 00:18:37] INFO root fetch - processPackages [ThreadPoolExecutor-0_1]: Start processing: colalamo
[2024-05-20 00:18:37] INFO root fetch - processPackages [colalamo]: New version: [0.1.2101] Old Version: [0.1.21]
[2024-05-20 00:18:37] INFO root fetch - processPackages [colalamo]: New version: [0.1.2101] Old Version: [0.1.21]
[2024-05-20 00:18:37] INFO root fetch - processPackages [colalamo]: Downloading https://files.pythonhosted.org/packages/c3/2d/8d340506bf8aca38388c2aaf2e2451954605370192a12a225476125075bb/colalamo-0.1.21.tar.gz
[2024-05-20 00:18:37] INFO root fetch - processPackages [colalamo]: Downloading https://files.pythonhosted.org/packages/c3/2d/8d340506bf8aca38388c2aaf2e2451954605370192a12a225476125075bb/colalamo-0.1.21.tar.gz
[2024-05-20 00:18:37] INFO root fetch - processPackages [colalamo]: Downloading https://files.pythonhosted.org/packages/34/1a/dc806cf5866be47db577dc91a945592c6af2d3147b4ba3c91cdcb8eee90a/colalamo-0.1.2101.tar.gz
[2024-05-20 00:18:37] INFO root fetch - processPackages [colalamo]: Downloading https://files.pythonhosted.org/packages/34/1a/dc806cf5866be47db577dc91a945592c6af2d3147b4ba3c91cdcb8eee90a/colalamo-0.1.2101.tar.gz
[2024-05-20 00:18:37] INFO root fetch - processPackages [colalamo]: executing diffoscope
[2024-05-20 00:18:37] INFO root fetch - processPackages [colalamo]: podman run --user 0:0 --rm -w /home/abi/fetcher -v /home/abi/fetcher/tmp:/home/abi/fetcher/tmp:ro -v /home/abi/fetcher/20240520:/home/abi/fetcher/20240520:rw registry.salsa.debian.org/reproducible-builds/diffoscope --no-progress tmp/colalamo-0.1.21.tar.gz tmp/colalamo-0.1.2101.tar.gz --markdown 20240520/c/colalamo/0.1.21-0.1.2101/README.md --exclude *.pyd
[2024-05-20 00:18:37] INFO root fetch - processPackages [colalamo]: executing diffoscope
[2024-05-20 00:18:37] INFO root fetch - processPackages [colalamo]: podman run --user 0:0 --rm -w /home/abi/fetcher -v /home/abi/fetcher/tmp:/home/abi/fetcher/tmp:ro -v /home/abi/fetcher/20240520:/home/abi/fetcher/20240520:rw registry.salsa.debian.org/reproducible-builds/diffoscope --no-progress tmp/colalamo-0.1.21.tar.gz tmp/colalamo-0.1.2101.tar.gz --markdown 20240520/c/colalamo/0.1.21-0.1.2101/README.md --exclude *.pyd
[2024-05-20 00:18:38] INFO root fetch - processPackages [colalamo]: Remove: archive file [/home/abi/fetcher/tmp/colalamo-0.1.21.tar.gz]
[2024-05-20 00:18:38] INFO root fetch - processPackages [colalamo]: Remove: archive file [/home/abi/fetcher/tmp/colalamo-0.1.2101.tar.gz]
[2024-05-20 00:18:38] INFO root fetch - main [MainThread]: End processing [colalamo]: success
[2024-05-20 00:18:38] INFO root fetch - main [MainThread]: End processing [colalamo]: success
[2024-05-20 00:18:38] INFO root fetch - main [MainThread]: Store serial: [23281555]
[2024-05-20 00:20:41] INFO root fetch - main [MainThread]: Get Changelog since Serial: [23281555]
[2024-05-20 00:20:46] INFO root fetch - main [MainThread]: Found 2 changed packages
[2024-05-20 00:20:46] INFO root fetch - processPackages [ThreadPoolExecutor-0_0]: Start processing: ladlersz
[2024-05-20 00:20:46] INFO root fetch - processPackages [ThreadPoolExecutor-0_1]: Start processing: tmuxradio
[2024-05-20 00:20:46] INFO root fetch - processPackages [tmuxradio]: New version: [0.2.33] Old Version: [0.2.31]
[2024-05-20 00:20:46] WARNING root fetch - processPackages [ladlersz]: Skipping, unable to determine old version
[2024-05-20 00:20:46] INFO root fetch - main [MainThread]: End processing [ladlersz] error
[2024-05-20 00:20:46] INFO root fetch - processPackages [tmuxradio]: Downloading https://files.pythonhosted.org/packages/48/88/ac8c5956d6cc4c3e5abff4401d9f0e6bf67135242edc4dbcf324aeac4ed5/tmuxradio-0.2.31.tar.gz
[2024-05-20 00:20:47] INFO root fetch - processPackages [tmuxradio]: Downloading https://files.pythonhosted.org/packages/7b/46/3ec70037c19f9cc8f025c1d2f571f3ec0e9fc8c9aebd655e0db56a5abfc7/tmuxradio-0.2.33.tar.gz
[2024-05-20 00:20:47] INFO root fetch - processPackages [tmuxradio]: executing diffoscope
[2024-05-20 00:20:47] INFO root fetch - processPackages [tmuxradio]: podman run --user 0:0 --rm -w /home/abi/fetcher -v /home/abi/fetcher/tmp:/home/abi/fetcher/tmp:ro -v /home/abi/fetcher/20240520:/home/abi/fetcher/20240520:rw registry.salsa.debian.org/reproducible-builds/diffoscope --no-progress tmp/tmuxradio-0.2.31.tar.gz tmp/tmuxradio-0.2.33.tar.gz --markdown 20240520/t/tmuxradio/0.2.31-0.2.33/README.md --exclude *.pyd
[2024-05-20 00:20:53] INFO root fetch - processPackages [tmuxradio]: Remove: archive file [/home/abi/fetcher/tmp/tmuxradio-0.2.31.tar.gz]
[2024-05-20 00:20:53] INFO root fetch - processPackages [tmuxradio]: Remove: archive file [/home/abi/fetcher/tmp/tmuxradio-0.2.33.tar.gz]
[2024-05-20 00:20:53] INFO root fetch - main [MainThread]: End processing [tmuxradio]: success
[2024-05-20 00:20:53] INFO root fetch - main [MainThread]: Store serial: [23281561]
[2024-05-20 00:22:57] INFO root fetch - main [MainThread]: Get Changelog since Serial: [23281561]
[2024-05-20 00:23:01] INFO root fetch - main [MainThread]: Found 4 changed packages
[2024-05-20 00:23:01] INFO root fetch - processPackages [ThreadPoolExecutor-0_0]: Start processing: annonition
[2024-05-20 00:23:01] INFO root fetch - processPackages [ThreadPoolExecutor-0_1]: Start processing: s5learn
[2024-05-20 00:23:01] INFO root fetch - processPackages [ThreadPoolExecutor-0_2]: Start processing: finmarketpy
[2024-05-20 00:23:01] INFO root fetch - processPackages [ThreadPoolExecutor-0_3]: Start processing: rst2dep
[2024-05-20 00:23:02] INFO root fetch - processPackages [s5learn]: New version: [0.5] Old Version: [0.4]
[2024-05-20 00:23:02] INFO root fetch - processPackages [s5learn]: Downloading https://files.pythonhosted.org/packages/c2/52/86fced69e5b201f2646fd23469842740511e1c4326317b00a85487503c8f/s5learn-0.4.tar.gz
[2024-05-20 00:23:02] INFO root fetch - processPackages [rst2dep]: New version: [1.3.0.1] Old Version: [1.3.0.0]
[2024-05-20 00:23:02] INFO root fetch - processPackages [annonition]: New version: [0.0.9] Old Version: [0.0.8]
[2024-05-20 00:23:02] INFO root fetch - processPackages [finmarketpy]: New version: [0.11.9] Old Version: [0.11.8]
[2024-05-20 00:23:02] INFO root fetch - processPackages [finmarketpy]: Downloading https://files.pythonhosted.org/packages/37/7c/5d90e96564a01ba2d0e353aaae3b6956edef442ffa1edc0dcd05fb6c6aff/finmarketpy-0.11.8.tar.gz
[2024-05-20 00:23:02] INFO root fetch - processPackages [rst2dep]: Downloading https://files.pythonhosted.org/packages/ec/7c/c9e837108be1fd022f8616dddc5a962bfffd763f4f9dcf3ceeb58d2825ed/rst2dep-1.3.0.0.tar.gz
[2024-05-20 00:23:02] INFO root fetch - processPackages [annonition]: Downloading https://files.pythonhosted.org/packages/1c/ef/25fce48b5e5b6b14b63cb11d399bc10312510e6bccfb5c764487f7c22fbf/annonition-0.0.8.tar.gz
[2024-05-20 00:23:02] INFO root fetch - processPackages [s5learn]: Downloading https://files.pythonhosted.org/packages/1b/c9/84ea5011f2c584b6ecca3da82a7c4f91007c89201c20f576161738a32d06/s5learn-0.5.tar.gz
[2024-05-20 00:23:02] INFO root fetch - processPackages [s5learn]: executing diffoscope
[2024-05-20 00:23:02] INFO root fetch - processPackages [s5learn]: podman run --user 0:0 --rm -w /home/abi/fetcher -v /home/abi/fetcher/tmp:/home/abi/fetcher/tmp:ro -v /home/abi/fetcher/20240520:/home/abi/fetcher/20240520:rw registry.salsa.debian.org/reproducible-builds/diffoscope --no-progress tmp/s5learn-0.4.tar.gz tmp/s5learn-0.5.tar.gz --markdown 20240520/s/s5learn/0.4-0.5/README.md --exclude *.pyd
[2024-05-20 00:23:02] INFO root fetch - processPackages [annonition]: Downloading https://files.pythonhosted.org/packages/70/24/1be44116d72dc7c914fc48b42f28ac3a6f0891d479447271a55dc2906ad1/annonition-0.0.9.tar.gz
[2024-05-20 00:23:02] INFO root fetch - processPackages [rst2dep]: Downloading https://files.pythonhosted.org/packages/a6/fd/b352d129c12f464d6ee459dcafd3b3961a2f90aa75ef8773ac624c0f7b93/rst2dep-1.3.0.1.tar.gz
[2024-05-20 00:23:02] INFO root fetch - processPackages [annonition]: executing diffoscope
[2024-05-20 00:23:02] INFO root fetch - processPackages [annonition]: podman run --user 0:0 --rm -w /home/abi/fetcher -v /home/abi/fetcher/tmp:/home/abi/fetcher/tmp:ro -v /home/abi/fetcher/20240520:/home/abi/fetcher/20240520:rw registry.salsa.debian.org/reproducible-builds/diffoscope --no-progress tmp/annonition-0.0.8.tar.gz tmp/annonition-0.0.9.tar.gz --markdown 20240520/a/annonition/0.0.8-0.0.9/README.md --exclude *.pyd
[2024-05-20 00:23:02] INFO root fetch - processPackages [rst2dep]: executing diffoscope
[2024-05-20 00:23:02] INFO root fetch - processPackages [rst2dep]: podman run --user 0:0 --rm -w /home/abi/fetcher -v /home/abi/fetcher/tmp:/home/abi/fetcher/tmp:ro -v /home/abi/fetcher/20240520:/home/abi/fetcher/20240520:rw registry.salsa.debian.org/reproducible-builds/diffoscope --no-progress tmp/rst2dep-1.3.0.0.tar.gz tmp/rst2dep-1.3.0.1.tar.gz --markdown 20240520/r/rst2dep/1.3.0.0-1.3.0.1/README.md --exclude *.pyd
[2024-05-20 00:23:03] INFO root fetch - processPackages [s5learn]: Remove: archive file [/home/abi/fetcher/tmp/s5learn-0.4.tar.gz]
[2024-05-20 00:23:03] INFO root fetch - processPackages [s5learn]: Remove: archive file [/home/abi/fetcher/tmp/s5learn-0.5.tar.gz]
[2024-05-20 00:23:03] INFO root fetch - main [MainThread]: End processing [s5learn]: success
[2024-05-20 00:23:03] INFO root fetch - processPackages [annonition]: Remove: archive file [/home/abi/fetcher/tmp/annonition-0.0.8.tar.gz]
[2024-05-20 00:23:03] INFO root fetch - processPackages [annonition]: Remove: archive file [/home/abi/fetcher/tmp/annonition-0.0.9.tar.gz]
[2024-05-20 00:23:03] INFO root fetch - main [MainThread]: End processing [annonition]: success
[2024-05-20 00:23:03] INFO root fetch - processPackages [rst2dep]: Remove: archive file [/home/abi/fetcher/tmp/rst2dep-1.3.0.0.tar.gz]
[2024-05-20 00:23:03] INFO root fetch - processPackages [rst2dep]: Remove: archive file [/home/abi/fetcher/tmp/rst2dep-1.3.0.1.tar.gz]
[2024-05-20 00:23:03] INFO root fetch - main [MainThread]: End processing [rst2dep]: success
[2024-05-20 00:23:03] INFO root fetch - processPackages [finmarketpy]: Downloading https://files.pythonhosted.org/packages/c3/f6/7e0542fe5015ed8c2f96a69cd205932accd5e1428287d003b7f6a6f0d48c/finmarketpy-0.11.9.tar.gz
[2024-05-20 00:23:04] INFO root fetch - processPackages [finmarketpy]: executing diffoscope
[2024-05-20 00:23:04] INFO root fetch - processPackages [finmarketpy]: podman run --user 0:0 --rm -w /home/abi/fetcher -v /home/abi/fetcher/tmp:/home/abi/fetcher/tmp:ro -v /home/abi/fetcher/20240520:/home/abi/fetcher/20240520:rw registry.salsa.debian.org/reproducible-builds/diffoscope --no-progress tmp/finmarketpy-0.11.8.tar.gz tmp/finmarketpy-0.11.9.tar.gz --markdown 20240520/f/finmarketpy/0.11.8-0.11.9/README.md --exclude *.pyd
[2024-05-20 00:23:05] INFO root fetch - processPackages [finmarketpy]: Remove: archive file [/home/abi/fetcher/tmp/finmarketpy-0.11.8.tar.gz]
[2024-05-20 00:23:05] INFO root fetch - processPackages [finmarketpy]: Remove: archive file [/home/abi/fetcher/tmp/finmarketpy-0.11.9.tar.gz]
[2024-05-20 00:23:05] INFO root fetch - main [MainThread]: End processing [finmarketpy]: success
[2024-05-20 00:23:05] INFO root fetch - main [MainThread]: Store serial: [23281572]
[2024-05-20 00:25:09] INFO root fetch - main [MainThread]: Get Changelog since Serial: [23281572]
[2024-05-20 00:25:13] INFO root fetch - main [MainThread]: Found 2 changed packages
[2024-05-20 00:25:13] INFO root fetch - processPackages [ThreadPoolExecutor-0_0]: Start processing: bepillz
[2024-05-20 00:25:13] INFO root fetch - processPackages [ThreadPoolExecutor-0_1]: Start processing: Package-KNN-Kmeans
[2024-05-20 00:25:13] WARNING root fetch - processPackages [bepillz]: Skipping, unable to determine old version
[2024-05-20 00:25:13] INFO root fetch - main [MainThread]: End processing [bepillz] error
[2024-05-20 00:25:13] WARNING root fetch - processPackages [Package-KNN-Kmeans]: Skipping, unable to determine old version
[2024-05-20 00:25:13] INFO root fetch - main [MainThread]: End processing [Package-KNN-Kmeans] error
[2024-05-20 00:25:13] INFO root fetch - main [MainThread]: Store serial: [23281581]
[2024-05-20 00:27:17] INFO root fetch - main [MainThread]: Get Changelog since Serial: [23281581]
[2024-05-20 00:27:22] INFO root fetch - main [MainThread]: Found 5 changed packages
[2024-05-20 00:27:22] INFO root fetch - processPackages [ThreadPoolExecutor-0_0]: Start processing: astroid
[2024-05-20 00:27:22] INFO root fetch - processPackages [ThreadPoolExecutor-0_1]: Start processing: ARC-Alkali-Rydberg-Calculator
[2024-05-20 00:27:22] INFO root fetch - processPackages [ThreadPoolExecutor-0_2]: Start processing: annonition
[2024-05-20 00:27:22] INFO root fetch - processPackages [ThreadPoolExecutor-0_3]: Start processing: channel-information-system
[2024-05-20 00:27:22] INFO root fetch - processPackages [ThreadPoolExecutor-0_4]: Start processing: django-text-manager
[2024-05-20 00:27:22] INFO root fetch - processPackages [annonition]: New version: [0.0.9] Old Version: [0.0.8]
[2024-05-20 00:27:22] INFO root fetch - processPackages [astroid]: New version: [3.2.1] Old Version: [3.2.0]
[2024-05-20 00:27:22] INFO root fetch - processPackages [annonition]: Downloading https://files.pythonhosted.org/packages/1c/ef/25fce48b5e5b6b14b63cb11d399bc10312510e6bccfb5c764487f7c22fbf/annonition-0.0.8.tar.gz
[2024-05-20 00:27:22] WARNING root fetch - processPackages [django-text-manager]: Skipping, unable to determine old version
[2024-05-20 00:27:22] INFO root fetch - main [MainThread]: End processing [django-text-manager] error
[2024-05-20 00:27:22] WARNING root fetch - processPackages [channel-information-system]: Skipping, unable to determine old version
[2024-05-20 00:27:22] INFO root fetch - main [MainThread]: End processing [channel-information-system] error
[2024-05-20 00:27:22] INFO root fetch - processPackages [ARC-Alkali-Rydberg-Calculator]: New version: [3.5.0] Old Version: [3.4.1]
[2024-05-20 00:27:22] INFO root fetch - processPackages [astroid]: Downloading https://files.pythonhosted.org/packages/b6/e8/f86aa1fd91b7fa5b51ed53c9a06a94dba7cc388b51cb712e8721c41605ef/astroid-3.2.0.tar.gz
[2024-05-20 00:27:22] INFO root fetch - processPackages [annonition]: Downloading https://files.pythonhosted.org/packages/70/24/1be44116d72dc7c914fc48b42f28ac3a6f0891d479447271a55dc2906ad1/annonition-0.0.9.tar.gz
[2024-05-20 00:27:22] INFO root fetch - processPackages [ARC-Alkali-Rydberg-Calculator]: Downloading https://files.pythonhosted.org/packages/35/91/ab23e869a8fbe8661e07e9728e650a6e312fc76c23367ebcddb84d8cf1dd/ARC-Alkali-Rydberg-Calculator-3.4.1.tar.gz
[2024-05-20 00:27:22] WARNING root fetch - processPackages [ARC-Alkali-Rydberg-Calculator]: Skipping package: exceeds size limit 26492387>=10485760
[2024-05-20 00:27:22] INFO root fetch - main [MainThread]: End processing [ARC-Alkali-Rydberg-Calculator] error
[2024-05-20 00:27:22] INFO root fetch - processPackages [annonition]: executing diffoscope
[2024-05-20 00:27:22] INFO root fetch - processPackages [annonition]: podman run --user 0:0 --rm -w /home/abi/fetcher -v /home/abi/fetcher/tmp:/home/abi/fetcher/tmp:ro -v /home/abi/fetcher/20240520:/home/abi/fetcher/20240520:rw registry.salsa.debian.org/reproducible-builds/diffoscope --no-progress tmp/annonition-0.0.8.tar.gz tmp/annonition-0.0.9.tar.gz --markdown 20240520/a/annonition/0.0.8-0.0.9/README.md --exclude *.pyd
[2024-05-20 00:27:23] INFO root fetch - processPackages [astroid]: Downloading https://files.pythonhosted.org/packages/c0/8c/3bdbdc8f0c37cf105d6758574f4650c960f57e40d08c5c0ac78a06e515d5/astroid-3.2.1.tar.gz
[2024-05-20 00:27:23] INFO root fetch - processPackages [astroid]: executing diffoscope
[2024-05-20 00:27:23] INFO root fetch - processPackages [astroid]: podman run --user 0:0 --rm -w /home/abi/fetcher -v /home/abi/fetcher/tmp:/home/abi/fetcher/tmp:ro -v /home/abi/fetcher/20240520:/home/abi/fetcher/20240520:rw registry.salsa.debian.org/reproducible-builds/diffoscope --no-progress tmp/astroid-3.2.0.tar.gz tmp/astroid-3.2.1.tar.gz --markdown 20240520/a/astroid/3.2.0-3.2.1/README.md --exclude *.pyd
[2024-05-20 00:27:23] INFO root fetch - processPackages [annonition]: Remove: archive file [/home/abi/fetcher/tmp/annonition-0.0.8.tar.gz]
[2024-05-20 00:27:23] INFO root fetch - processPackages [annonition]: Remove: archive file [/home/abi/fetcher/tmp/annonition-0.0.9.tar.gz]
[2024-05-20 00:27:23] INFO root fetch - main [MainThread]: End processing [annonition]: success
[2024-05-20 00:27:24] INFO root fetch - processPackages [astroid]: Remove: archive file [/home/abi/fetcher/tmp/astroid-3.2.0.tar.gz]
[2024-05-20 00:27:24] INFO root fetch - processPackages [astroid]: Remove: archive file [/home/abi/fetcher/tmp/astroid-3.2.1.tar.gz]
[2024-05-20 00:27:24] INFO root fetch - main [MainThread]: End processing [astroid]: success
[2024-05-20 00:27:24] INFO root fetch - main [MainThread]: Store serial: [23281623]
